ejemplos/09_almacenamiento/EjemploFicherosExternos/build/outputs/logs/manifest-merger-debug-report.txt
-- Merging decision tree log ---
manifest
ADDED from AndroidStudioProjects\EjemploFicherosExternos\AndroidManifest.xml:2:1-26:12
INJECTED from AndroidStudioProjects\EjemploFicherosExternos\AndroidManifest.xml:2:1-26:12
INJECTED from AndroidStudioProjects\EjemploFicherosExternos\AndroidManifest.xml:2:1-26:12
INJECTED from AndroidStudioProjects\EjemploFicherosExternos\AndroidManifest.xml:2:1-26:12
INJECTED from AndroidStudioProjects\EjemploFicherosExternos\AndroidManifest.xml:2:1-26:12
	package
		ADDED from AndroidStudioProjects\EjemploFicherosExternos\AndroidManifest.xml:3:5-50
	android:versionName
		ADDED from AndroidStudioProjects\EjemploFicherosExternos\AndroidManifest.xml:5:5-30
		INJECTED from AndroidStudioProjects\EjemploFicherosExternos\AndroidManifest.xml
		INJECTED from AndroidStudioProjects\EjemploFicherosExternos\AndroidManifest.xml
	xmlns:android
		ADDED from AndroidStudioProjects\EjemploFicherosExternos\AndroidManifest.xml:2:11-69
	android:versionCode
		ADDED from AndroidStudioProjects\EjemploFicherosExternos\AndroidManifest.xml:4:5-28
		INJECTED from AndroidStudioProjects\EjemploFicherosExternos\AndroidManifest.xml
		INJECTED from AndroidStudioProjects\EjemploFicherosExternos\AndroidManifest.xml
uses-permission#android.permission.WRITE_EXTERNAL_STORAGE
ADDED from AndroidStudioProjects\EjemploFicherosExternos\AndroidManifest.xml:7:5-8:23
	android:name
		ADDED from AndroidStudioProjects\EjemploFicherosExternos\AndroidManifest.xml:7:22-78
application
ADDED from AndroidStudioProjects\EjemploFicherosExternos\AndroidManifest.xml:10:5-24:19
	android:label
		ADDED from AndroidStudioProjects\EjemploFicherosExternos\AndroidManifest.xml:13:9-41
	android:icon
		ADDED from AndroidStudioProjects\EjemploFicherosExternos\AndroidManifest.xml:12:9-45
	android:allowBackup
		ADDED from AndroidStudioProjects\EjemploFicherosExternos\AndroidManifest.xml:11:9-35
	android:theme
		ADDED from AndroidStudioProjects\EjemploFicherosExternos\AndroidManifest.xml:14:9-40
activity#com.example.ejemploficherosexternos.MainActivity
ADDED from AndroidStudioProjects\EjemploFicherosExternos\AndroidManifest.xml:15:9-23:20
	android:label
		ADDED from AndroidStudioProjects\EjemploFicherosExternos\AndroidManifest.xml:17:13-45
	android:name
		ADDED from AndroidStudioProjects\EjemploFicherosExternos\AndroidManifest.xml:16:13-76
intent-filter#action:name:android.intent.action.MAIN+category:name:android.intent.category.LAUNCHER
ADDED from AndroidStudioProjects\EjemploFicherosExternos\AndroidManifest.xml:18:13-22:29
action#android.intent.action.MAIN
ADDED from AndroidStudioProjects\EjemploFicherosExternos\AndroidManifest.xml:19:17-69
	android:name
		ADDED from AndroidStudioProjects\EjemploFicherosExternos\AndroidManifest.xml:19:25-66
category#android.intent.category.LAUNCHER
ADDED from AndroidStudioProjects\EjemploFicherosExternos\AndroidManifest.xml:21:17-77
	android:name
		ADDED from AndroidStudioProjects\EjemploFicherosExternos\AndroidManifest.xml:21:27-74
uses-sdk
INJECTED from AndroidStudioProjects\EjemploFicherosExternos\AndroidManifest.xml reason: use-sdk injection requested
INJECTED from AndroidStudioProjects\EjemploFicherosExternos\AndroidManifest.xml
INJECTED from AndroidStudioProjects\EjemploFicherosExternos\AndroidManifest.xml
INJECTED from AndroidStudioProjects\EjemploFicherosExternos\AndroidManifest.xml
INJECTED from AndroidStudioProjects\EjemploFicherosExternos\AndroidManifest.xml
	android:targetSdkVersion
		INJECTED from AndroidStudioProjects\EjemploFicherosExternos\AndroidManifest.xml
		ADDED from AndroidStudioProjects\EjemploFicherosExternos\AndroidManifest.xml
		INJECTED from AndroidStudioProjects\EjemploFicherosExternos\AndroidManifest.xml
	android:minSdkVersion
		INJECTED from AndroidStudioProjects\EjemploFicherosExternos\AndroidManifest.xml
		ADDED from AndroidStudioProjects\EjemploFicherosExternos\AndroidManifest.xml
		INJECTED from AndroidStudioProjects\EjemploFicherosExternos\AndroidManifest.xml